DEB [20230913-02:59:45.397] thr=1   paramiko.transport: starting thread (client mode): 0x1973100
DEB [20230913-02:59:45.397] thr=1   paramiko.transport: Local version/idstring: SSH-2.0-paramiko_3.3.1
DEB [20230913-02:59:45.870] thr=1   paramiko.transport: Remote version/idstring: SSH-2.0-OpenSSH_8.4p1
INF [20230913-02:59:45.870] thr=1   paramiko.transport: Connected (version 2.0, client OpenSSH_8.4p1)
DEB [20230913-02:59:45.871] thr=1   paramiko.transport: === Key exchange possibilities ===
DEB [20230913-02:59:45.871] thr=1   paramiko.transport: kex algos: curve25519-sha256, curve25519-sha256@libssh.org, ecdh-sha2-nistp256, ecdh-sha2-nistp384, ecdh-sha2-nistp521, diffie-hellman-group-exchange-sha256, diffie-hellman-group16-sha512, diffie-hellman-group18-sha512, diffie-hellman-group14-sha256
DEB [20230913-02:59:45.871] thr=1   paramiko.transport: server key: rsa-sha2-512, rsa-sha2-256, ssh-rsa, ecdsa-sha2-nistp256, ssh-ed25519
DEB [20230913-02:59:45.871] thr=1   paramiko.transport: client encrypt: chacha20-poly1305@openssh.com, aes128-ctr, aes192-ctr, aes256-ctr, aes128-gcm@openssh.com, aes256-gcm@openssh.com
DEB [20230913-02:59:45.872] thr=1   paramiko.transport: server encrypt: chacha20-poly1305@openssh.com, aes128-ctr, aes192-ctr, aes256-ctr, aes128-gcm@openssh.com, aes256-gcm@openssh.com
DEB [20230913-02:59:45.872] thr=1   paramiko.transport: client mac: umac-64-etm@openssh.com, umac-128-etm@openssh.com, hmac-sha2-256-etm@openssh.com, hmac-sha2-512-etm@openssh.com, hmac-sha1-etm@openssh.com, umac-64@openssh.com, umac-128@openssh.com, hmac-sha2-256, hmac-sha2-512, hmac-sha1
DEB [20230913-02:59:45.872] thr=1   paramiko.transport: server mac: umac-64-etm@openssh.com, umac-128-etm@openssh.com, hmac-sha2-256-etm@openssh.com, hmac-sha2-512-etm@openssh.com, hmac-sha1-etm@openssh.com, umac-64@openssh.com, umac-128@openssh.com, hmac-sha2-256, hmac-sha2-512, hmac-sha1
DEB [20230913-02:59:45.872] thr=1   paramiko.transport: client compress: none, zlib@openssh.com
DEB [20230913-02:59:45.872] thr=1   paramiko.transport: server compress: none, zlib@openssh.com
DEB [20230913-02:59:45.872] thr=1   paramiko.transport: client lang: <none>
DEB [20230913-02:59:45.872] thr=1   paramiko.transport: server lang: <none>
DEB [20230913-02:59:45.872] thr=1   paramiko.transport: kex follows: False
DEB [20230913-02:59:45.872] thr=1   paramiko.transport: === Key exchange agreements ===
DEB [20230913-02:59:45.872] thr=1   paramiko.transport: Kex: curve25519-sha256@libssh.org
DEB [20230913-02:59:45.872] thr=1   paramiko.transport: HostKey: ssh-ed25519
DEB [20230913-02:59:45.872] thr=1   paramiko.transport: Cipher: aes128-ctr
DEB [20230913-02:59:45.873] thr=1   paramiko.transport: MAC: hmac-sha2-256
DEB [20230913-02:59:45.873] thr=1   paramiko.transport: Compression: none
DEB [20230913-02:59:45.873] thr=1   paramiko.transport: === End of kex handshake ===
DEB [20230913-02:59:46.352] thr=1   paramiko.transport: kex engine KexCurve25519 specified hash_algo <built-in function openssl_sha256>
DEB [20230913-02:59:46.352] thr=1   paramiko.transport: Switch to new keys ...
DEB [20230913-02:59:46.353] thr=1   paramiko.transport: Got EXT_INFO: {'server-sig-algs': b'ssh-ed25519,sk-ssh-ed25519@openssh.com,ssh-rsa,rsa-sha2-256,rsa-sha2-512,ssh-dss,ecdsa-sha2-nistp256,ecdsa-sha2-nistp384,ecdsa-sha2-nistp521,sk-ecdsa-sha2-nistp256@openssh.com,webauthn-sk-ecdsa-sha2-nistp256@openssh.com'}
DEB [20230913-02:59:46.353] thr=2   paramiko.transport: Host key verified (ssh-ed25519)
DEB [20230913-02:59:46.354] thr=2   paramiko.transport: Attempting password auth...
DEB [20230913-02:59:46.820] thr=1   paramiko.transport: userauth is OK
INF [20230913-02:59:47.099] thr=1   paramiko.transport: Authentication (password) successful!
DEB [20230913-02:59:47.100] thr=2   paramiko.transport: [chan 0] Max packet in: 32768 bytes
DEB [20230913-02:59:47.101] thr=1   paramiko.transport: Received global request "hostkeys-00@openssh.com"
DEB [20230913-02:59:47.101] thr=1   paramiko.transport: Rejecting "hostkeys-00@openssh.com" global request from server.
DEB [20230913-02:59:47.340] thr=1   paramiko.transport: [chan 0] Max packet out: 32768 bytes
DEB [20230913-02:59:47.340] thr=1   paramiko.transport: Secsh channel 0 opened.
DEB [20230913-02:59:47.576] thr=1   paramiko.transport: [chan 0] Sesch channel 0 request ok
INF [20230913-02:59:47.820] thr=2   paramiko.transport.sftp: [chan 0] Opened sftp connection (server version 3)
DEB [20230913-02:59:47.820] thr=2   paramiko.transport.sftp: [chan 0] normalize(b'.')
DEB [20230913-02:59:48.124] thr=2   paramiko.transport.sftp: [chan 0] stat(b'/')
DEB [20230913-02:59:48.370] thr=2   paramiko.transport.sftp: [chan 0] normalize(b'/')
DEB [20230913-02:59:48.600] thr=2   paramiko.transport.sftp: [chan 0] listdir(b'/.')
DEB [20230913-02:59:49.762] thr=2   paramiko.transport.sftp: [chan 0] stat(b'/')
DEB [20230913-02:59:50.069] thr=2   paramiko.transport.sftp: [chan 0] normalize(b'/')
INF [20230913-02:59:50.320] thr=2   paramiko.transport.sftp: [chan 0] sftp session closed.
DEB [20230913-02:59:50.320] thr=2   paramiko.transport: [chan 0] EOF sent (0)
DEB [20230913-03:00:44.052] thr=1   paramiko.transport: starting thread (client mode): 0xd133100
DEB [20230913-03:00:44.052] thr=1   paramiko.transport: Local version/idstring: SSH-2.0-paramiko_3.3.1
DEB [20230913-03:00:44.482] thr=1   paramiko.transport: Remote version/idstring: SSH-2.0-OpenSSH_8.4p1
INF [20230913-03:00:44.482] thr=1   paramiko.transport: Connected (version 2.0, client OpenSSH_8.4p1)
DEB [20230913-03:00:44.484] thr=1   paramiko.transport: === Key exchange possibilities ===
DEB [20230913-03:00:44.485] thr=1   paramiko.transport: kex algos: curve25519-sha256, curve25519-sha256@libssh.org, ecdh-sha2-nistp256, ecdh-sha2-nistp384, ecdh-sha2-nistp521, diffie-hellman-group-exchange-sha256, diffie-hellman-group16-sha512, diffie-hellman-group18-sha512, diffie-hellman-group14-sha256
DEB [20230913-03:00:44.485] thr=1   paramiko.transport: server key: rsa-sha2-512, rsa-sha2-256, ssh-rsa, ecdsa-sha2-nistp256, ssh-ed25519
DEB [20230913-03:00:44.485] thr=1   paramiko.transport: client encrypt: chacha20-poly1305@openssh.com, aes128-ctr, aes192-ctr, aes256-ctr, aes128-gcm@openssh.com, aes256-gcm@openssh.com
DEB [20230913-03:00:44.485] thr=1   paramiko.transport: server encrypt: chacha20-poly1305@openssh.com, aes128-ctr, aes192-ctr, aes256-ctr, aes128-gcm@openssh.com, aes256-gcm@openssh.com
DEB [20230913-03:00:44.485] thr=1   paramiko.transport: client mac: umac-64-etm@openssh.com, umac-128-etm@openssh.com, hmac-sha2-256-etm@openssh.com, hmac-sha2-512-etm@openssh.com, hmac-sha1-etm@openssh.com, umac-64@openssh.com, umac-128@openssh.com, hmac-sha2-256, hmac-sha2-512, hmac-sha1
DEB [20230913-03:00:44.485] thr=1   paramiko.transport: server mac: umac-64-etm@openssh.com, umac-128-etm@openssh.com, hmac-sha2-256-etm@openssh.com, hmac-sha2-512-etm@openssh.com, hmac-sha1-etm@openssh.com, umac-64@openssh.com, umac-128@openssh.com, hmac-sha2-256, hmac-sha2-512, hmac-sha1
DEB [20230913-03:00:44.485] thr=1   paramiko.transport: client compress: none, zlib@openssh.com
DEB [20230913-03:00:44.485] thr=1   paramiko.transport: server compress: none, zlib@openssh.com
DEB [20230913-03:00:44.485] thr=1   paramiko.transport: client lang: <none>
DEB [20230913-03:00:44.485] thr=1   paramiko.transport: server lang: <none>
DEB [20230913-03:00:44.485] thr=1   paramiko.transport: kex follows: False
DEB [20230913-03:00:44.485] thr=1   paramiko.transport: === Key exchange agreements ===
DEB [20230913-03:00:44.485] thr=1   paramiko.transport: Kex: curve25519-sha256@libssh.org
DEB [20230913-03:00:44.486] thr=1   paramiko.transport: HostKey: ssh-ed25519
DEB [20230913-03:00:44.486] thr=1   paramiko.transport: Cipher: aes128-ctr
DEB [20230913-03:00:44.486] thr=1   paramiko.transport: MAC: hmac-sha2-256
DEB [20230913-03:00:44.486] thr=1   paramiko.transport: Compression: none
DEB [20230913-03:00:44.486] thr=1   paramiko.transport: === End of kex handshake ===
DEB [20230913-03:00:45.024] thr=1   paramiko.transport: kex engine KexCurve25519 specified hash_algo <built-in function openssl_sha256>
DEB [20230913-03:00:45.024] thr=1   paramiko.transport: Switch to new keys ...
DEB [20230913-03:00:45.025] thr=1   paramiko.transport: Got EXT_INFO: {'server-sig-algs': b'ssh-ed25519,sk-ssh-ed25519@openssh.com,ssh-rsa,rsa-sha2-256,rsa-sha2-512,ssh-dss,ecdsa-sha2-nistp256,ecdsa-sha2-nistp384,ecdsa-sha2-nistp521,sk-ecdsa-sha2-nistp256@openssh.com,webauthn-sk-ecdsa-sha2-nistp256@openssh.com'}
DEB [20230913-03:00:45.025] thr=2   paramiko.transport: Host key verified (ssh-ed25519)
DEB [20230913-03:00:45.026] thr=2   paramiko.transport: Attempting password auth...
DEB [20230913-03:00:45.574] thr=1   paramiko.transport: userauth is OK
INF [20230913-03:00:45.879] thr=1   paramiko.transport: Authentication (password) successful!
DEB [20230913-03:00:45.880] thr=2   paramiko.transport: [chan 0] Max packet in: 32768 bytes
DEB [20230913-03:00:45.880] thr=1   paramiko.transport: Received global request "hostkeys-00@openssh.com"
DEB [20230913-03:00:45.881] thr=1   paramiko.transport: Rejecting "hostkeys-00@openssh.com" global request from server.
DEB [20230913-03:00:46.288] thr=1   paramiko.transport: [chan 0] Max packet out: 32768 bytes
DEB [20230913-03:00:46.289] thr=1   paramiko.transport: Secsh channel 0 opened.
DEB [20230913-03:00:46.595] thr=1   paramiko.transport: [chan 0] Sesch channel 0 request ok
INF [20230913-03:00:46.905] thr=2   paramiko.transport.sftp: [chan 0] Opened sftp connection (server version 3)
DEB [20230913-03:00:46.905] thr=2   paramiko.transport.sftp: [chan 0] normalize(b'.')
DEB [20230913-03:00:47.211] thr=2   paramiko.transport.sftp: [chan 0] stat(b'/')
DEB [20230913-03:00:47.518] thr=2   paramiko.transport.sftp: [chan 0] normalize(b'/')
DEB [20230913-03:00:47.826] thr=2   paramiko.transport.sftp: [chan 0] listdir(b'/.')
DEB [20230913-03:00:49.023] thr=2   paramiko.transport.sftp: [chan 0] stat(b'/')
DEB [20230913-03:00:49.261] thr=2   paramiko.transport.sftp: [chan 0] normalize(b'/')
DEB [20230913-03:00:53.970] thr=1   paramiko.transport: starting thread (client mode): 0xe8d73100
DEB [20230913-03:00:53.970] thr=1   paramiko.transport: Local version/idstring: SSH-2.0-paramiko_3.3.1
DEB [20230913-03:00:54.407] thr=1   paramiko.transport: Remote version/idstring: SSH-2.0-OpenSSH_8.4p1
INF [20230913-03:00:54.407] thr=1   paramiko.transport: Connected (version 2.0, client OpenSSH_8.4p1)
DEB [20230913-03:00:54.408] thr=1   paramiko.transport: === Key exchange possibilities ===
DEB [20230913-03:00:54.409] thr=1   paramiko.transport: kex algos: curve25519-sha256, curve25519-sha256@libssh.org, ecdh-sha2-nistp256, ecdh-sha2-nistp384, ecdh-sha2-nistp521, diffie-hellman-group-exchange-sha256, diffie-hellman-group16-sha512, diffie-hellman-group18-sha512, diffie-hellman-group14-sha256
DEB [20230913-03:00:54.409] thr=1   paramiko.transport: server key: rsa-sha2-512, rsa-sha2-256, ssh-rsa, ecdsa-sha2-nistp256, ssh-ed25519
DEB [20230913-03:00:54.409] thr=1   paramiko.transport: client encrypt: chacha20-poly1305@openssh.com, aes128-ctr, aes192-ctr, aes256-ctr, aes128-gcm@openssh.com, aes256-gcm@openssh.com
DEB [20230913-03:00:54.409] thr=1   paramiko.transport: server encrypt: chacha20-poly1305@openssh.com, aes128-ctr, aes192-ctr, aes256-ctr, aes128-gcm@openssh.com, aes256-gcm@openssh.com
DEB [20230913-03:00:54.409] thr=1   paramiko.transport: client mac: umac-64-etm@openssh.com, umac-128-etm@openssh.com, hmac-sha2-256-etm@openssh.com, hmac-sha2-512-etm@openssh.com, hmac-sha1-etm@openssh.com, umac-64@openssh.com, umac-128@openssh.com, hmac-sha2-256, hmac-sha2-512, hmac-sha1
DEB [20230913-03:00:54.409] thr=1   paramiko.transport: server mac: umac-64-etm@openssh.com, umac-128-etm@openssh.com, hmac-sha2-256-etm@openssh.com, hmac-sha2-512-etm@openssh.com, hmac-sha1-etm@openssh.com, umac-64@openssh.com, umac-128@openssh.com, hmac-sha2-256, hmac-sha2-512, hmac-sha1
DEB [20230913-03:00:54.409] thr=1   paramiko.transport: client compress: none, zlib@openssh.com
DEB [20230913-03:00:54.409] thr=1   paramiko.transport: server compress: none, zlib@openssh.com
DEB [20230913-03:00:54.409] thr=1   paramiko.transport: client lang: <none>
DEB [20230913-03:00:54.410] thr=1   paramiko.transport: server lang: <none>
DEB [20230913-03:00:54.410] thr=1   paramiko.transport: kex follows: False
DEB [20230913-03:00:54.410] thr=1   paramiko.transport: === Key exchange agreements ===
DEB [20230913-03:00:54.410] thr=1   paramiko.transport: Kex: curve25519-sha256@libssh.org
DEB [20230913-03:00:54.410] thr=1   paramiko.transport: HostKey: ssh-ed25519
DEB [20230913-03:00:54.410] thr=1   paramiko.transport: Cipher: aes128-ctr
DEB [20230913-03:00:54.410] thr=1   paramiko.transport: MAC: hmac-sha2-256
DEB [20230913-03:00:54.411] thr=1   paramiko.transport: Compression: none
DEB [20230913-03:00:54.411] thr=1   paramiko.transport: === End of kex handshake ===
DEB [20230913-03:00:54.941] thr=1   paramiko.transport: kex engine KexCurve25519 specified hash_algo <built-in function openssl_sha256>
DEB [20230913-03:00:54.942] thr=1   paramiko.transport: Switch to new keys ...
DEB [20230913-03:00:54.942] thr=1   paramiko.transport: Got EXT_INFO: {'server-sig-algs': b'ssh-ed25519,sk-ssh-ed25519@openssh.com,ssh-rsa,rsa-sha2-256,rsa-sha2-512,ssh-dss,ecdsa-sha2-nistp256,ecdsa-sha2-nistp384,ecdsa-sha2-nistp521,sk-ecdsa-sha2-nistp256@openssh.com,webauthn-sk-ecdsa-sha2-nistp256@openssh.com'}
DEB [20230913-03:00:54.943] thr=2   paramiko.transport: Host key verified (ssh-ed25519)
DEB [20230913-03:00:54.943] thr=2   paramiko.transport: Attempting password auth...
DEB [20230913-03:00:55.505] thr=1   paramiko.transport: userauth is OK
INF [20230913-03:00:55.914] thr=1   paramiko.transport: Authentication (password) successful!
DEB [20230913-03:00:55.915] thr=2   paramiko.transport: [chan 0] Max packet in: 32768 bytes
DEB [20230913-03:00:55.915] thr=1   paramiko.transport: Received global request "hostkeys-00@openssh.com"
DEB [20230913-03:00:55.916] thr=1   paramiko.transport: Rejecting "hostkeys-00@openssh.com" global request from server.
DEB [20230913-03:00:56.234] thr=1   paramiko.transport: [chan 0] Max packet out: 32768 bytes
DEB [20230913-03:00:56.234] thr=1   paramiko.transport: Secsh channel 0 opened.
DEB [20230913-03:00:56.530] thr=1   paramiko.transport: [chan 0] Sesch channel 0 request ok
INF [20230913-03:00:56.939] thr=2   paramiko.transport.sftp: [chan 0] Opened sftp connection (server version 3)
DEB [20230913-03:00:56.939] thr=2   paramiko.transport.sftp: [chan 0] normalize(b'.')
DEB [20230913-03:00:57.237] thr=2   paramiko.transport.sftp: [chan 0] stat(b'/')
DEB [20230913-03:00:57.481] thr=2   paramiko.transport.sftp: [chan 0] normalize(b'/')
DEB [20230913-03:00:57.758] thr=2   paramiko.transport.sftp: [chan 0] listdir(b'/.')
DEB [20230913-03:00:58.885] thr=2   paramiko.transport.sftp: [chan 0] stat(b'/')
DEB [20230913-03:00:59.113] thr=2   paramiko.transport.sftp: [chan 0] normalize(b'/')
INF [20230913-03:00:59.396] thr=2   paramiko.transport.sftp: [chan 0] sftp session closed.
DEB [20230913-03:00:59.396] thr=2   paramiko.transport: [chan 0] EOF sent (0)
DEB [20230913-03:01:29.605] thr=1   paramiko.transport: starting thread (client mode): 0xa89f3100
DEB [20230913-03:01:29.605] thr=1   paramiko.transport: Local version/idstring: SSH-2.0-paramiko_3.3.1
DEB [20230913-03:01:30.057] thr=1   paramiko.transport: Remote version/idstring: SSH-2.0-OpenSSH_8.4p1
INF [20230913-03:01:30.057] thr=1   paramiko.transport: Connected (version 2.0, client OpenSSH_8.4p1)
DEB [20230913-03:01:30.058] thr=1   paramiko.transport: === Key exchange possibilities ===
DEB [20230913-03:01:30.058] thr=1   paramiko.transport: kex algos: curve25519-sha256, curve25519-sha256@libssh.org, ecdh-sha2-nistp256, ecdh-sha2-nistp384, ecdh-sha2-nistp521, diffie-hellman-group-exchange-sha256, diffie-hellman-group16-sha512, diffie-hellman-group18-sha512, diffie-hellman-group14-sha256
DEB [20230913-03:01:30.058] thr=1   paramiko.transport: server key: rsa-sha2-512, rsa-sha2-256, ssh-rsa, ecdsa-sha2-nistp256, ssh-ed25519
DEB [20230913-03:01:30.059] thr=1   paramiko.transport: client encrypt: chacha20-poly1305@openssh.com, aes128-ctr, aes192-ctr, aes256-ctr, aes128-gcm@openssh.com, aes256-gcm@openssh.com
DEB [20230913-03:01:30.059] thr=1   paramiko.transport: server encrypt: chacha20-poly1305@openssh.com, aes128-ctr, aes192-ctr, aes256-ctr, aes128-gcm@openssh.com, aes256-gcm@openssh.com
DEB [20230913-03:01:30.059] thr=1   paramiko.transport: client mac: umac-64-etm@openssh.com, umac-128-etm@openssh.com, hmac-sha2-256-etm@openssh.com, hmac-sha2-512-etm@openssh.com, hmac-sha1-etm@openssh.com, umac-64@openssh.com, umac-128@openssh.com, hmac-sha2-256, hmac-sha2-512, hmac-sha1
DEB [20230913-03:01:30.059] thr=1   paramiko.transport: server mac: umac-64-etm@openssh.com, umac-128-etm@openssh.com, hmac-sha2-256-etm@openssh.com, hmac-sha2-512-etm@openssh.com, hmac-sha1-etm@openssh.com, umac-64@openssh.com, umac-128@openssh.com, hmac-sha2-256, hmac-sha2-512, hmac-sha1
DEB [20230913-03:01:30.059] thr=1   paramiko.transport: client compress: none, zlib@openssh.com
DEB [20230913-03:01:30.059] thr=1   paramiko.transport: server compress: none, zlib@openssh.com
DEB [20230913-03:01:30.059] thr=1   paramiko.transport: client lang: <none>
DEB [20230913-03:01:30.059] thr=1   paramiko.transport: server lang: <none>
DEB [20230913-03:01:30.059] thr=1   paramiko.transport: kex follows: False
DEB [20230913-03:01:30.060] thr=1   paramiko.transport: === Key exchange agreements ===
DEB [20230913-03:01:30.060] thr=1   paramiko.transport: Kex: curve25519-sha256@libssh.org
DEB [20230913-03:01:30.060] thr=1   paramiko.transport: HostKey: ssh-ed25519
DEB [20230913-03:01:30.060] thr=1   paramiko.transport: Cipher: aes128-ctr
DEB [20230913-03:01:30.060] thr=1   paramiko.transport: MAC: hmac-sha2-256
DEB [20230913-03:01:30.060] thr=1   paramiko.transport: Compression: none
DEB [20230913-03:01:30.060] thr=1   paramiko.transport: === End of kex handshake ===
DEB [20230913-03:01:30.624] thr=1   paramiko.transport: kex engine KexCurve25519 specified hash_algo <built-in function openssl_sha256>
DEB [20230913-03:01:30.624] thr=1   paramiko.transport: Switch to new keys ...
DEB [20230913-03:01:30.625] thr=1   paramiko.transport: Got EXT_INFO: {'server-sig-algs': b'ssh-ed25519,sk-ssh-ed25519@openssh.com,ssh-rsa,rsa-sha2-256,rsa-sha2-512,ssh-dss,ecdsa-sha2-nistp256,ecdsa-sha2-nistp384,ecdsa-sha2-nistp521,sk-ecdsa-sha2-nistp256@openssh.com,webauthn-sk-ecdsa-sha2-nistp256@openssh.com'}
DEB [20230913-03:01:30.626] thr=2   paramiko.transport: Host key verified (ssh-ed25519)
DEB [20230913-03:01:30.626] thr=2   paramiko.transport: Attempting password auth...
DEB [20230913-03:01:31.209] thr=1   paramiko.transport: userauth is OK
INF [20230913-03:01:31.550] thr=1   paramiko.transport: Authentication (password) successful!
DEB [20230913-03:01:31.551] thr=2   paramiko.transport: [chan 0] Max packet in: 32768 bytes
DEB [20230913-03:01:31.551] thr=1   paramiko.transport: Received global request "hostkeys-00@openssh.com"
DEB [20230913-03:01:31.552] thr=1   paramiko.transport: Rejecting "hostkeys-00@openssh.com" global request from server.
DEB [20230913-03:01:31.796] thr=1   paramiko.transport: [chan 0] Max packet out: 32768 bytes
DEB [20230913-03:01:31.797] thr=1   paramiko.transport: Secsh channel 0 opened.
DEB [20230913-03:01:32.037] thr=1   paramiko.transport: [chan 0] Sesch channel 0 request ok
INF [20230913-03:01:32.371] thr=2   paramiko.transport.sftp: [chan 0] Opened sftp connection (server version 3)
DEB [20230913-03:01:32.372] thr=2   paramiko.transport.sftp: [chan 0] normalize(b'.')
DEB [20230913-03:01:32.677] thr=2   paramiko.transport.sftp: [chan 0] stat(b'/')
DEB [20230913-03:01:32.985] thr=2   paramiko.transport.sftp: [chan 0] normalize(b'/')
DEB [20230913-03:01:33.291] thr=2   paramiko.transport.sftp: [chan 0] listdir(b'/.')
INF [20230913-03:01:34.419] thr=2   paramiko.transport.sftp: [chan 0] sftp session closed.
DEB [20230913-03:01:34.420] thr=2   paramiko.transport: [chan 0] EOF sent (0)
DEB [20230913-03:01:40.461] thr=1   paramiko.transport: starting thread (client mode): 0x78733100
DEB [20230913-03:01:40.462] thr=1   paramiko.transport: Local version/idstring: SSH-2.0-paramiko_3.3.1
DEB [20230913-03:01:40.972] thr=1   paramiko.transport: Remote version/idstring: SSH-2.0-OpenSSH_8.4p1
INF [20230913-03:01:40.973] thr=1   paramiko.transport: Connected (version 2.0, client OpenSSH_8.4p1)
DEB [20230913-03:01:40.974] thr=1   paramiko.transport: === Key exchange possibilities ===
DEB [20230913-03:01:40.974] thr=1   paramiko.transport: kex algos: curve25519-sha256, curve25519-sha256@libssh.org, ecdh-sha2-nistp256, ecdh-sha2-nistp384, ecdh-sha2-nistp521, diffie-hellman-group-exchange-sha256, diffie-hellman-group16-sha512, diffie-hellman-group18-sha512, diffie-hellman-group14-sha256
DEB [20230913-03:01:40.974] thr=1   paramiko.transport: server key: rsa-sha2-512, rsa-sha2-256, ssh-rsa, ecdsa-sha2-nistp256, ssh-ed25519
DEB [20230913-03:01:40.974] thr=1   paramiko.transport: client encrypt: chacha20-poly1305@openssh.com, aes128-ctr, aes192-ctr, aes256-ctr, aes128-gcm@openssh.com, aes256-gcm@openssh.com
DEB [20230913-03:01:40.974] thr=1   paramiko.transport: server encrypt: chacha20-poly1305@openssh.com, aes128-ctr, aes192-ctr, aes256-ctr, aes128-gcm@openssh.com, aes256-gcm@openssh.com
DEB [20230913-03:01:40.974] thr=1   paramiko.transport: client mac: umac-64-etm@openssh.com, umac-128-etm@openssh.com, hmac-sha2-256-etm@openssh.com, hmac-sha2-512-etm@openssh.com, hmac-sha1-etm@openssh.com, umac-64@openssh.com, umac-128@openssh.com, hmac-sha2-256, hmac-sha2-512, hmac-sha1
DEB [20230913-03:01:40.974] thr=1   paramiko.transport: server mac: umac-64-etm@openssh.com, umac-128-etm@openssh.com, hmac-sha2-256-etm@openssh.com, hmac-sha2-512-etm@openssh.com, hmac-sha1-etm@openssh.com, umac-64@openssh.com, umac-128@openssh.com, hmac-sha2-256, hmac-sha2-512, hmac-sha1
DEB [20230913-03:01:40.974] thr=1   paramiko.transport: client compress: none, zlib@openssh.com
DEB [20230913-03:01:40.974] thr=1   paramiko.transport: server compress: none, zlib@openssh.com
DEB [20230913-03:01:40.974] thr=1   paramiko.transport: client lang: <none>
DEB [20230913-03:01:40.974] thr=1   paramiko.transport: server lang: <none>
DEB [20230913-03:01:40.974] thr=1   paramiko.transport: kex follows: False
DEB [20230913-03:01:40.975] thr=1   paramiko.transport: === Key exchange agreements ===
DEB [20230913-03:01:40.975] thr=1   paramiko.transport: Kex: curve25519-sha256@libssh.org
DEB [20230913-03:01:40.975] thr=1   paramiko.transport: HostKey: ssh-ed25519
DEB [20230913-03:01:40.975] thr=1   paramiko.transport: Cipher: aes128-ctr
DEB [20230913-03:01:40.975] thr=1   paramiko.transport: MAC: hmac-sha2-256
DEB [20230913-03:01:40.975] thr=1   paramiko.transport: Compression: none
DEB [20230913-03:01:40.975] thr=1   paramiko.transport: === End of kex handshake ===
DEB [20230913-03:01:41.434] thr=1   paramiko.transport: kex engine KexCurve25519 specified hash_algo <built-in function openssl_sha256>
DEB [20230913-03:01:41.435] thr=1   paramiko.transport: Switch to new keys ...
DEB [20230913-03:01:41.435] thr=1   paramiko.transport: Got EXT_INFO: {'server-sig-algs': b'ssh-ed25519,sk-ssh-ed25519@openssh.com,ssh-rsa,rsa-sha2-256,rsa-sha2-512,ssh-dss,ecdsa-sha2-nistp256,ecdsa-sha2-nistp384,ecdsa-sha2-nistp521,sk-ecdsa-sha2-nistp256@openssh.com,webauthn-sk-ecdsa-sha2-nistp256@openssh.com'}
DEB [20230913-03:01:41.436] thr=2   paramiko.transport: Host key verified (ssh-ed25519)
DEB [20230913-03:01:41.436] thr=2   paramiko.transport: Attempting password auth...
DEB [20230913-03:01:41.998] thr=1   paramiko.transport: userauth is OK
INF [20230913-03:01:42.252] thr=1   paramiko.transport: Authentication (password) successful!
DEB [20230913-03:01:42.252] thr=2   paramiko.transport: [chan 0] Max packet in: 32768 bytes
DEB [20230913-03:01:42.253] thr=1   paramiko.transport: Received global request "hostkeys-00@openssh.com"
DEB [20230913-03:01:42.253] thr=1   paramiko.transport: Rejecting "hostkeys-00@openssh.com" global request from server.
DEB [20230913-03:01:42.508] thr=1   paramiko.transport: [chan 0] Max packet out: 32768 bytes
DEB [20230913-03:01:42.508] thr=1   paramiko.transport: Secsh channel 0 opened.
DEB [20230913-03:01:42.745] thr=1   paramiko.transport: [chan 0] Sesch channel 0 request ok
INF [20230913-03:01:43.020] thr=2   paramiko.transport.sftp: [chan 0] Opened sftp connection (server version 3)
DEB [20230913-03:01:43.020] thr=2   paramiko.transport.sftp: [chan 0] normalize(b'.')
DEB [20230913-03:01:43.248] thr=2   paramiko.transport.sftp: [chan 0] stat(b'/')
DEB [20230913-03:01:43.478] thr=2   paramiko.transport.sftp: [chan 0] normalize(b'/')
DEB [20230913-03:01:43.736] thr=2   paramiko.transport.sftp: [chan 0] listdir(b'/.')
INF [20230913-03:01:44.790] thr=2   paramiko.transport.sftp: [chan 0] sftp session closed.
DEB [20230913-03:01:44.790] thr=2   paramiko.transport: [chan 0] EOF sent (0)
DEB [20230913-03:02:16.814] thr=1   paramiko.transport: starting thread (client mode): 0x999f3100
DEB [20230913-03:02:16.815] thr=1   paramiko.transport: Local version/idstring: SSH-2.0-paramiko_3.3.1
DEB [20230913-03:02:17.233] thr=1   paramiko.transport: Remote version/idstring: SSH-2.0-OpenSSH_8.4p1
INF [20230913-03:02:17.233] thr=1   paramiko.transport: Connected (version 2.0, client OpenSSH_8.4p1)
DEB [20230913-03:02:17.238] thr=1   paramiko.transport: === Key exchange possibilities ===
DEB [20230913-03:02:17.239] thr=1   paramiko.transport: kex algos: curve25519-sha256, curve25519-sha256@libssh.org, ecdh-sha2-nistp256, ecdh-sha2-nistp384, ecdh-sha2-nistp521, diffie-hellman-group-exchange-sha256, diffie-hellman-group16-sha512, diffie-hellman-group18-sha512, diffie-hellman-group14-sha256
DEB [20230913-03:02:17.239] thr=1   paramiko.transport: server key: rsa-sha2-512, rsa-sha2-256, ssh-rsa, ecdsa-sha2-nistp256, ssh-ed25519
DEB [20230913-03:02:17.239] thr=1   paramiko.transport: client encrypt: chacha20-poly1305@openssh.com, aes128-ctr, aes192-ctr, aes256-ctr, aes128-gcm@openssh.com, aes256-gcm@openssh.com
DEB [20230913-03:02:17.239] thr=1   paramiko.transport: server encrypt: chacha20-poly1305@openssh.com, aes128-ctr, aes192-ctr, aes256-ctr, aes128-gcm@openssh.com, aes256-gcm@openssh.com
DEB [20230913-03:02:17.239] thr=1   paramiko.transport: client mac: umac-64-etm@openssh.com, umac-128-etm@openssh.com, hmac-sha2-256-etm@openssh.com, hmac-sha2-512-etm@openssh.com, hmac-sha1-etm@openssh.com, umac-64@openssh.com, umac-128@openssh.com, hmac-sha2-256, hmac-sha2-512, hmac-sha1
DEB [20230913-03:02:17.239] thr=1   paramiko.transport: server mac: umac-64-etm@openssh.com, umac-128-etm@openssh.com, hmac-sha2-256-etm@openssh.com, hmac-sha2-512-etm@openssh.com, hmac-sha1-etm@openssh.com, umac-64@openssh.com, umac-128@openssh.com, hmac-sha2-256, hmac-sha2-512, hmac-sha1
DEB [20230913-03:02:17.239] thr=1   paramiko.transport: client compress: none, zlib@openssh.com
DEB [20230913-03:02:17.239] thr=1   paramiko.transport: server compress: none, zlib@openssh.com
DEB [20230913-03:02:17.239] thr=1   paramiko.transport: client lang: <none>
DEB [20230913-03:02:17.239] thr=1   paramiko.transport: server lang: <none>
DEB [20230913-03:02:17.239] thr=1   paramiko.transport: kex follows: False
DEB [20230913-03:02:17.239] thr=1   paramiko.transport: === Key exchange agreements ===
DEB [20230913-03:02:17.240] thr=1   paramiko.transport: Kex: curve25519-sha256@libssh.org
DEB [20230913-03:02:17.240] thr=1   paramiko.transport: HostKey: ssh-ed25519
DEB [20230913-03:02:17.240] thr=1   paramiko.transport: Cipher: aes128-ctr
DEB [20230913-03:02:17.240] thr=1   paramiko.transport: MAC: hmac-sha2-256
DEB [20230913-03:02:17.240] thr=1   paramiko.transport: Compression: none
DEB [20230913-03:02:17.240] thr=1   paramiko.transport: === End of kex handshake ===
DEB [20230913-03:02:17.838] thr=1   paramiko.transport: kex engine KexCurve25519 specified hash_algo <built-in function openssl_sha256>
DEB [20230913-03:02:17.838] thr=1   paramiko.transport: Switch to new keys ...
DEB [20230913-03:02:17.839] thr=1   paramiko.transport: Got EXT_INFO: {'server-sig-algs': b'ssh-ed25519,sk-ssh-ed25519@openssh.com,ssh-rsa,rsa-sha2-256,rsa-sha2-512,ssh-dss,ecdsa-sha2-nistp256,ecdsa-sha2-nistp384,ecdsa-sha2-nistp521,sk-ecdsa-sha2-nistp256@openssh.com,webauthn-sk-ecdsa-sha2-nistp256@openssh.com'}
DEB [20230913-03:02:17.839] thr=2   paramiko.transport: Host key verified (ssh-ed25519)
DEB [20230913-03:02:17.840] thr=2   paramiko.transport: Attempting password auth...
DEB [20230913-03:02:18.451] thr=1   paramiko.transport: userauth is OK
INF [20230913-03:02:18.759] thr=1   paramiko.transport: Authentication (password) successful!
DEB [20230913-03:02:18.760] thr=2   paramiko.transport: [chan 0] Max packet in: 32768 bytes
DEB [20230913-03:02:18.760] thr=1   paramiko.transport: Received global request "hostkeys-00@openssh.com"
DEB [20230913-03:02:18.761] thr=1   paramiko.transport: Rejecting "hostkeys-00@openssh.com" global request from server.
DEB [20230913-03:02:19.015] thr=1   paramiko.transport: [chan 0] Max packet out: 32768 bytes
DEB [20230913-03:02:19.016] thr=1   paramiko.transport: Secsh channel 0 opened.
DEB [20230913-03:02:19.265] thr=1   paramiko.transport: [chan 0] Sesch channel 0 request ok
INF [20230913-03:02:19.579] thr=2   paramiko.transport.sftp: [chan 0] Opened sftp connection (server version 3)
DEB [20230913-03:02:19.580] thr=2   paramiko.transport.sftp: [chan 0] normalize(b'.')
DEB [20230913-03:02:19.885] thr=2   paramiko.transport.sftp: [chan 0] stat(b'/')
DEB [20230913-03:02:20.192] thr=2   paramiko.transport.sftp: [chan 0] normalize(b'/')
DEB [20230913-03:02:20.500] thr=2   paramiko.transport.sftp: [chan 0] listdir(b'/.')
DEB [20230913-03:02:21.626] thr=2   paramiko.transport.sftp: [chan 0] stat(b'/')
DEB [20230913-03:02:21.934] thr=2   paramiko.transport.sftp: [chan 0] normalize(b'/')
INF [20230913-03:02:22.240] thr=2   paramiko.transport.sftp: [chan 0] sftp session closed.
DEB [20230913-03:02:22.240] thr=2   paramiko.transport: [chan 0] EOF sent (0)
DEB [20230913-03:02:43.205] thr=1   paramiko.transport: starting thread (client mode): 0xec73100
DEB [20230913-03:02:43.205] thr=1   paramiko.transport: Local version/idstring: SSH-2.0-paramiko_3.3.1
DEB [20230913-03:02:43.619] thr=1   paramiko.transport: Remote version/idstring: SSH-2.0-OpenSSH_8.4p1
INF [20230913-03:02:43.619] thr=1   paramiko.transport: Connected (version 2.0, client OpenSSH_8.4p1)
DEB [20230913-03:02:43.620] thr=1   paramiko.transport: === Key exchange possibilities ===
DEB [20230913-03:02:43.620] thr=1   paramiko.transport: kex algos: curve25519-sha256, curve25519-sha256@libssh.org, ecdh-sha2-nistp256, ecdh-sha2-nistp384, ecdh-sha2-nistp521, diffie-hellman-group-exchange-sha256, diffie-hellman-group16-sha512, diffie-hellman-group18-sha512, diffie-hellman-group14-sha256
DEB [20230913-03:02:43.620] thr=1   paramiko.transport: server key: rsa-sha2-512, rsa-sha2-256, ssh-rsa, ecdsa-sha2-nistp256, ssh-ed25519
DEB [20230913-03:02:43.620] thr=1   paramiko.transport: client encrypt: chacha20-poly1305@openssh.com, aes128-ctr, aes192-ctr, aes256-ctr, aes128-gcm@openssh.com, aes256-gcm@openssh.com
DEB [20230913-03:02:43.620] thr=1   paramiko.transport: server encrypt: chacha20-poly1305@openssh.com, aes128-ctr, aes192-ctr, aes256-ctr, aes128-gcm@openssh.com, aes256-gcm@openssh.com
DEB [20230913-03:02:43.620] thr=1   paramiko.transport: client mac: umac-64-etm@openssh.com, umac-128-etm@openssh.com, hmac-sha2-256-etm@openssh.com, hmac-sha2-512-etm@openssh.com, hmac-sha1-etm@openssh.com, umac-64@openssh.com, umac-128@openssh.com, hmac-sha2-256, hmac-sha2-512, hmac-sha1
DEB [20230913-03:02:43.621] thr=1   paramiko.transport: server mac: umac-64-etm@openssh.com, umac-128-etm@openssh.com, hmac-sha2-256-etm@openssh.com, hmac-sha2-512-etm@openssh.com, hmac-sha1-etm@openssh.com, umac-64@openssh.com, umac-128@openssh.com, hmac-sha2-256, hmac-sha2-512, hmac-sha1
DEB [20230913-03:02:43.621] thr=1   paramiko.transport: client compress: none, zlib@openssh.com
DEB [20230913-03:02:43.621] thr=1   paramiko.transport: server compress: none, zlib@openssh.com
DEB [20230913-03:02:43.621] thr=1   paramiko.transport: client lang: <none>
DEB [20230913-03:02:43.621] thr=1   paramiko.transport: server lang: <none>
DEB [20230913-03:02:43.621] thr=1   paramiko.transport: kex follows: False
DEB [20230913-03:02:43.621] thr=1   paramiko.transport: === Key exchange agreements ===
DEB [20230913-03:02:43.621] thr=1   paramiko.transport: Kex: curve25519-sha256@libssh.org
DEB [20230913-03:02:43.621] thr=1   paramiko.transport: HostKey: ssh-ed25519
DEB [20230913-03:02:43.622] thr=1   paramiko.transport: Cipher: aes128-ctr
DEB [20230913-03:02:43.622] thr=1   paramiko.transport: MAC: hmac-sha2-256
DEB [20230913-03:02:43.622] thr=1   paramiko.transport: Compression: none
DEB [20230913-03:02:43.622] thr=1   paramiko.transport: === End of kex handshake ===
DEB [20230913-03:02:44.259] thr=1   paramiko.transport: kex engine KexCurve25519 specified hash_algo <built-in function openssl_sha256>
DEB [20230913-03:02:44.259] thr=1   paramiko.transport: Switch to new keys ...
DEB [20230913-03:02:44.260] thr=2   paramiko.transport: Host key verified (ssh-ed25519)
DEB [20230913-03:02:44.260] thr=2   paramiko.transport: Attempting password auth...
DEB [20230913-03:02:44.261] thr=1   paramiko.transport: Got EXT_INFO: {'server-sig-algs': b'ssh-ed25519,sk-ssh-ed25519@openssh.com,ssh-rsa,rsa-sha2-256,rsa-sha2-512,ssh-dss,ecdsa-sha2-nistp256,ecdsa-sha2-nistp384,ecdsa-sha2-nistp521,sk-ecdsa-sha2-nistp256@openssh.com,webauthn-sk-ecdsa-sha2-nistp256@openssh.com'}
DEB [20230913-03:02:44.871] thr=1   paramiko.transport: userauth is OK
INF [20230913-03:02:45.118] thr=1   paramiko.transport: Authentication (password) successful!
DEB [20230913-03:02:45.119] thr=2   paramiko.transport: [chan 0] Max packet in: 32768 bytes
DEB [20230913-03:02:45.120] thr=1   paramiko.transport: Received global request "hostkeys-00@openssh.com"
DEB [20230913-03:02:45.120] thr=1   paramiko.transport: Rejecting "hostkeys-00@openssh.com" global request from server.
DEB [20230913-03:02:45.345] thr=1   paramiko.transport: [chan 0] Max packet out: 32768 bytes
DEB [20230913-03:02:45.345] thr=1   paramiko.transport: Secsh channel 0 opened.
DEB [20230913-03:02:45.588] thr=1   paramiko.transport: [chan 0] Sesch channel 0 request ok
INF [20230913-03:02:45.896] thr=2   paramiko.transport.sftp: [chan 0] Opened sftp connection (server version 3)
DEB [20230913-03:02:45.896] thr=2   paramiko.transport.sftp: [chan 0] normalize(b'.')
DEB [20230913-03:02:46.203] thr=2   paramiko.transport.sftp: [chan 0] stat(b'/images/')
DEB [20230913-03:02:46.512] thr=2   paramiko.transport.sftp: [chan 0] normalize(b'/images/')
DEB [20230913-03:02:46.822] thr=2   paramiko.transport.sftp: [chan 0] listdir(b'/images/.')
DEB [20230913-03:02:47.841] thr=2   paramiko.transport.sftp: [chan 0] stat(b'/')
DEB [20230913-03:02:48.150] thr=2   paramiko.transport.sftp: [chan 0] normalize(b'/')
INF [20230913-03:02:48.455] thr=2   paramiko.transport.sftp: [chan 0] sftp session closed.
DEB [20230913-03:02:48.456] thr=2   paramiko.transport: [chan 0] EOF sent (0)
DEB [20230913-04:38:46.007] thr=1   paramiko.transport: starting thread (client mode): 0x9e61a7f0
DEB [20230913-04:38:46.007] thr=1   paramiko.transport: Local version/idstring: SSH-2.0-paramiko_3.3.1
DEB [20230913-04:38:46.427] thr=1   paramiko.transport: Remote version/idstring: SSH-2.0-OpenSSH_8.4p1
INF [20230913-04:38:46.427] thr=1   paramiko.transport: Connected (version 2.0, client OpenSSH_8.4p1)
DEB [20230913-04:38:46.429] thr=1   paramiko.transport: === Key exchange possibilities ===
DEB [20230913-04:38:46.429] thr=1   paramiko.transport: kex algos: curve25519-sha256, curve25519-sha256@libssh.org, ecdh-sha2-nistp256, ecdh-sha2-nistp384, ecdh-sha2-nistp521, diffie-hellman-group-exchange-sha256, diffie-hellman-group16-sha512, diffie-hellman-group18-sha512, diffie-hellman-group14-sha256
DEB [20230913-04:38:46.429] thr=1   paramiko.transport: server key: rsa-sha2-512, rsa-sha2-256, ssh-rsa, ecdsa-sha2-nistp256, ssh-ed25519
DEB [20230913-04:38:46.429] thr=1   paramiko.transport: client encrypt: chacha20-poly1305@openssh.com, aes128-ctr, aes192-ctr, aes256-ctr, aes128-gcm@openssh.com, aes256-gcm@openssh.com
DEB [20230913-04:38:46.429] thr=1   paramiko.transport: server encrypt: chacha20-poly1305@openssh.com, aes128-ctr, aes192-ctr, aes256-ctr, aes128-gcm@openssh.com, aes256-gcm@openssh.com
DEB [20230913-04:38:46.429] thr=1   paramiko.transport: client mac: umac-64-etm@openssh.com, umac-128-etm@openssh.com, hmac-sha2-256-etm@openssh.com, hmac-sha2-512-etm@openssh.com, hmac-sha1-etm@openssh.com, umac-64@openssh.com, umac-128@openssh.com, hmac-sha2-256, hmac-sha2-512, hmac-sha1
DEB [20230913-04:38:46.429] thr=1   paramiko.transport: server mac: umac-64-etm@openssh.com, umac-128-etm@openssh.com, hmac-sha2-256-etm@openssh.com, hmac-sha2-512-etm@openssh.com, hmac-sha1-etm@openssh.com, umac-64@openssh.com, umac-128@openssh.com, hmac-sha2-256, hmac-sha2-512, hmac-sha1
DEB [20230913-04:38:46.429] thr=1   paramiko.transport: client compress: none, zlib@openssh.com
DEB [20230913-04:38:46.429] thr=1   paramiko.transport: server compress: none, zlib@openssh.com
DEB [20230913-04:38:46.429] thr=1   paramiko.transport: client lang: <none>
DEB [20230913-04:38:46.429] thr=1   paramiko.transport: server lang: <none>
DEB [20230913-04:38:46.429] thr=1   paramiko.transport: kex follows: False
DEB [20230913-04:38:46.430] thr=1   paramiko.transport: === Key exchange agreements ===
DEB [20230913-04:38:46.430] thr=1   paramiko.transport: Kex: curve25519-sha256@libssh.org
DEB [20230913-04:38:46.430] thr=1   paramiko.transport: HostKey: ssh-ed25519
DEB [20230913-04:38:46.430] thr=1   paramiko.transport: Cipher: aes128-ctr
DEB [20230913-04:38:46.430] thr=1   paramiko.transport: MAC: hmac-sha2-256
DEB [20230913-04:38:46.430] thr=1   paramiko.transport: Compression: none
DEB [20230913-04:38:46.430] thr=1   paramiko.transport: === End of kex handshake ===
DEB [20230913-04:38:46.923] thr=1   paramiko.transport: kex engine KexCurve25519 specified hash_algo <built-in function openssl_sha256>
DEB [20230913-04:38:46.924] thr=1   paramiko.transport: Switch to new keys ...
DEB [20230913-04:38:46.925] thr=1   paramiko.transport: Got EXT_INFO: {'server-sig-algs': b'ssh-ed25519,sk-ssh-ed25519@openssh.com,ssh-rsa,rsa-sha2-256,rsa-sha2-512,ssh-dss,ecdsa-sha2-nistp256,ecdsa-sha2-nistp384,ecdsa-sha2-nistp521,sk-ecdsa-sha2-nistp256@openssh.com,webauthn-sk-ecdsa-sha2-nistp256@openssh.com'}
DEB [20230913-04:38:46.925] thr=2   paramiko.transport: Host key verified (ssh-ed25519)
DEB [20230913-04:38:46.925] thr=2   paramiko.transport: Attempting password auth...
DEB [20230913-04:38:47.460] thr=1   paramiko.transport: userauth is OK
INF [20230913-04:38:47.747] thr=1   paramiko.transport: Authentication (password) successful!
DEB [20230913-04:38:47.747] thr=2   paramiko.transport: [chan 0] Max packet in: 32768 bytes
DEB [20230913-04:38:47.748] thr=1   paramiko.transport: Received global request "hostkeys-00@openssh.com"
DEB [20230913-04:38:47.748] thr=1   paramiko.transport: Rejecting "hostkeys-00@openssh.com" global request from server.
DEB [20230913-04:38:48.143] thr=1   paramiko.transport: [chan 0] Max packet out: 32768 bytes
DEB [20230913-04:38:48.143] thr=1   paramiko.transport: Secsh channel 0 opened.
DEB [20230913-04:38:48.426] thr=1   paramiko.transport: [chan 0] Sesch channel 0 request ok
INF [20230913-04:38:48.667] thr=2   paramiko.transport.sftp: [chan 0] Opened sftp connection (server version 3)
DEB [20230913-04:38:48.667] thr=2   paramiko.transport.sftp: [chan 0] normalize(b'.')
DEB [20230913-04:38:48.963] thr=2   paramiko.transport.sftp: [chan 0] stat(b'/images/paintings/')
DEB [20230913-04:38:49.270] thr=2   paramiko.transport.sftp: [chan 0] normalize(b'/images/paintings/')
DEB [20230913-04:38:49.515] thr=2   paramiko.transport.sftp: [chan 0] stat(b'/')
DEB [20230913-04:38:49.782] thr=2   paramiko.transport.sftp: [chan 0] normalize(b'/')
INF [20230913-04:38:50.096] thr=2   paramiko.transport.sftp: [chan 0] sftp session closed.
DEB [20230913-04:38:50.096] thr=2   paramiko.transport: [chan 0] EOF sent (0)
DEB [20230913-04:38:50.097] thr=2   paramiko.transport: Dropping user packet because connection is dead.
DEB [20230913-04:38:50.097] thr=2   paramiko.transport: Dropping user packet because connection is dead.
DEB [20230913-04:39:49.277] thr=1   paramiko.transport: starting thread (client mode): 0x76dfa6d0
DEB [20230913-04:39:49.277] thr=1   paramiko.transport: Local version/idstring: SSH-2.0-paramiko_3.3.1
DEB [20230913-04:39:49.682] thr=1   paramiko.transport: Remote version/idstring: SSH-2.0-OpenSSH_8.4p1
INF [20230913-04:39:49.682] thr=1   paramiko.transport: Connected (version 2.0, client OpenSSH_8.4p1)
DEB [20230913-04:39:49.695] thr=1   paramiko.transport: === Key exchange possibilities ===
DEB [20230913-04:39:49.695] thr=1   paramiko.transport: kex algos: curve25519-sha256, curve25519-sha256@libssh.org, ecdh-sha2-nistp256, ecdh-sha2-nistp384, ecdh-sha2-nistp521, diffie-hellman-group-exchange-sha256, diffie-hellman-group16-sha512, diffie-hellman-group18-sha512, diffie-hellman-group14-sha256
DEB [20230913-04:39:49.695] thr=1   paramiko.transport: server key: rsa-sha2-512, rsa-sha2-256, ssh-rsa, ecdsa-sha2-nistp256, ssh-ed25519
DEB [20230913-04:39:49.696] thr=1   paramiko.transport: client encrypt: chacha20-poly1305@openssh.com, aes128-ctr, aes192-ctr, aes256-ctr, aes128-gcm@openssh.com, aes256-gcm@openssh.com
DEB [20230913-04:39:49.696] thr=1   paramiko.transport: server encrypt: chacha20-poly1305@openssh.com, aes128-ctr, aes192-ctr, aes256-ctr, aes128-gcm@openssh.com, aes256-gcm@openssh.com
DEB [20230913-04:39:49.696] thr=1   paramiko.transport: client mac: umac-64-etm@openssh.com, umac-128-etm@openssh.com, hmac-sha2-256-etm@openssh.com, hmac-sha2-512-etm@openssh.com, hmac-sha1-etm@openssh.com, umac-64@openssh.com, umac-128@openssh.com, hmac-sha2-256, hmac-sha2-512, hmac-sha1
DEB [20230913-04:39:49.696] thr=1   paramiko.transport: server mac: umac-64-etm@openssh.com, umac-128-etm@openssh.com, hmac-sha2-256-etm@openssh.com, hmac-sha2-512-etm@openssh.com, hmac-sha1-etm@openssh.com, umac-64@openssh.com, umac-128@openssh.com, hmac-sha2-256, hmac-sha2-512, hmac-sha1
DEB [20230913-04:39:49.696] thr=1   paramiko.transport: client compress: none, zlib@openssh.com
DEB [20230913-04:39:49.696] thr=1   paramiko.transport: server compress: none, zlib@openssh.com
DEB [20230913-04:39:49.696] thr=1   paramiko.transport: client lang: <none>
DEB [20230913-04:39:49.696] thr=1   paramiko.transport: server lang: <none>
DEB [20230913-04:39:49.696] thr=1   paramiko.transport: kex follows: False
DEB [20230913-04:39:49.696] thr=1   paramiko.transport: === Key exchange agreements ===
DEB [20230913-04:39:49.696] thr=1   paramiko.transport: Kex: curve25519-sha256@libssh.org
DEB [20230913-04:39:49.697] thr=1   paramiko.transport: HostKey: ssh-ed25519
DEB [20230913-04:39:49.697] thr=1   paramiko.transport: Cipher: aes128-ctr
DEB [20230913-04:39:49.697] thr=1   paramiko.transport: MAC: hmac-sha2-256
DEB [20230913-04:39:49.697] thr=1   paramiko.transport: Compression: none
DEB [20230913-04:39:49.697] thr=1   paramiko.transport: === End of kex handshake ===
DEB [20230913-04:39:50.308] thr=1   paramiko.transport: kex engine KexCurve25519 specified hash_algo <built-in function openssl_sha256>
DEB [20230913-04:39:50.308] thr=1   paramiko.transport: Switch to new keys ...
DEB [20230913-04:39:50.309] thr=1   paramiko.transport: Got EXT_INFO: {'server-sig-algs': b'ssh-ed25519,sk-ssh-ed25519@openssh.com,ssh-rsa,rsa-sha2-256,rsa-sha2-512,ssh-dss,ecdsa-sha2-nistp256,ecdsa-sha2-nistp384,ecdsa-sha2-nistp521,sk-ecdsa-sha2-nistp256@openssh.com,webauthn-sk-ecdsa-sha2-nistp256@openssh.com'}
DEB [20230913-04:39:50.309] thr=2   paramiko.transport: Host key verified (ssh-ed25519)
DEB [20230913-04:39:50.309] thr=2   paramiko.transport: Attempting password auth...
DEB [20230913-04:39:50.921] thr=1   paramiko.transport: userauth is OK
INF [20230913-04:39:51.223] thr=1   paramiko.transport: Authentication (password) successful!
DEB [20230913-04:39:51.223] thr=2   paramiko.transport: [chan 0] Max packet in: 32768 bytes
DEB [20230913-04:39:51.224] thr=1   paramiko.transport: Received global request "hostkeys-00@openssh.com"
DEB [20230913-04:39:51.224] thr=1   paramiko.transport: Rejecting "hostkeys-00@openssh.com" global request from server.
DEB [20230913-04:39:51.530] thr=1   paramiko.transport: [chan 0] Max packet out: 32768 bytes
DEB [20230913-04:39:51.531] thr=1   paramiko.transport: Secsh channel 0 opened.
DEB [20230913-04:39:51.837] thr=1   paramiko.transport: [chan 0] Sesch channel 0 request ok
INF [20230913-04:39:52.145] thr=2   paramiko.transport.sftp: [chan 0] Opened sftp connection (server version 3)
DEB [20230913-04:39:52.145] thr=2   paramiko.transport.sftp: [chan 0] normalize(b'.')
DEB [20230913-04:39:52.440] thr=2   paramiko.transport.sftp: [chan 0] stat(b'/images/paintings/')
DEB [20230913-04:39:52.685] thr=2   paramiko.transport.sftp: [chan 0] normalize(b'/images/paintings/')
DEB [20230913-04:39:52.970] thr=2   paramiko.transport.sftp: [chan 0] open(b'/images/paintings/F.jpg', 'wb')
DEB [20230913-04:39:53.235] thr=2   paramiko.transport.sftp: [chan 0] open(b'/images/paintings/F.jpg', 'wb') -> 00000000
DEB [20230913-04:39:57.270] thr=2   paramiko.transport.sftp: [chan 0] close(00000000)
DEB [20230913-04:39:58.801] thr=2   paramiko.transport.sftp: [chan 0] stat(b'/images/paintings/F.jpg')
DEB [20230913-04:39:59.056] thr=2   paramiko.transport.sftp: [chan 0] stat(b'/')
DEB [20230913-04:39:59.313] thr=2   paramiko.transport.sftp: [chan 0] normalize(b'/')
INF [20230913-04:39:59.620] thr=2   paramiko.transport.sftp: [chan 0] sftp session closed.
DEB [20230913-04:39:59.620] thr=2   paramiko.transport: [chan 0] EOF sent (0)
